[www.1cpp.ru/docum/icpp/html/index.html]
[backblue.gif]
[fade.gif]
[index.html]
[www.1cpp.ru/icons/blank.gif]
[www.1cpp.ru/icons/back.gif]
[www.1cpp.ru/icons/text.gif]
[www.1cpp.ru/docum/icpp/html/indexf8a0.html]
[www.1cpp.ru/docum/icpp/html/indexc052.html]
[www.1cpp.ru/docum/icpp/html/index30b5.html]
[www.1cpp.ru/docum/icpp/html/indexbfec.html]
[www.1cpp.ru/docum/icpp/html/1cpp.html]
[www.1cpp.ru/docum/icpp/html/ActiveX.html]
[www.1cpp.ru/docum/icpp/html/BinaryData.html]
[www.1cpp.ru/docum/icpp/html/Compatibility.html]
[www.1cpp.ru/docum/icpp/html/DataProviderSDK.html]
[www.1cpp.ru/docum/icpp/html/DocumentsRules.html]
[www.1cpp.ru/docum/icpp/html/Hooker.html]
[www.1cpp.ru/docum/icpp/html/IndexedTable.html]
[www.1cpp.ru/docum/icpp/html/Informer.html]
[www.1cpp.ru/docum/icpp/html/LogDataProvider.html]
[www.1cpp.ru/docum/icpp/html/Math.html]
[www.1cpp.ru/docum/icpp/html/MetaInfoClasses.html]
[www.1cpp.ru/docum/icpp/html/ODBC.html]
[www.1cpp.ru/docum/icpp/html/SettingsManager.html]
[www.1cpp.ru/docum/icpp/html/TableField.html]
[www.1cpp.ru/docum/icpp/html/TurboBL.html]
[www.1cpp.ru/docum/icpp/html/chmcreate.html]
[www.1cpp.ru/docum/icpp/html/classes.html]
[www.1cpp.ru/docum/icpp/html/extobjs.html]
[www.1cpp.ru/docum/icpp/html/guid.html]
[www.1cpp.ru/docum/icpp/html/oledb.html]
[www.1cpp.ru/docum/icpp/html/index.html]
[www.1cpp.ru/docum/icpp/html/indexc052.html]
[www.1cpp.ru/docum/icpp/html/indexf8a0.html]
[www.1cpp.ru/docum/icpp/html/indexbfec.html]
[www.1cpp.ru/docum/icpp/html/index30b5.html]
[www.1cpp.ru/docum/icpp/html/indexb70a.html]
[www.1cpp.ru/docum/icpp/html/index72c9.html]
[www.1cpp.ru/docum/icpp/html/index5851.html]
[www.1cpp.ru/docum/icpp/html/indexad3f.html]
[www.1cpp.ru/docum/icpp/html/alink.18.delayed]
[www.1cpp.ru/docum/icpp/html/ODBC.chm__/ODBC0.html]
[www.1cpp.ru/docum/icpp/html/oledb.chm__/oledb0.html]
[www.1cpp.ru/docum/icpp/html/1cpp.html]
[www.1cpp.ru/docum/icpp/html/classes.chm__/classes0.html]
[www.1cpp.ru/docum/icpp/html/ActiveX.html]
[www.1cpp.ru/docum/icpp/html/BinaryData.html]
[www.1cpp.ru/docum/icpp/html/Compatibility.html]
[www.1cpp.ru/docum/icpp/html/DataProviderSDK.html]
[www.1cpp.ru/docum/icpp/html/DocumentsRules.html]
[www.1cpp.ru/docum/icpp/html/SettingsManager.chm__/SettingsManager0.html]
[www.1cpp.ru/docum/icpp/html/Hooker.html]
[www.1cpp.ru/docum/icpp/html/IndexedTable.html]
[www.1cpp.ru/docum/icpp/html/Informer.html]
[www.1cpp.ru/docum/icpp/html/LogDataProvider.html]
[www.1cpp.ru/docum/icpp/html/Math.html]
[www.1cpp.ru/docum/icpp/html/MetaInfoClasses.html]
[www.1cpp.ru/docum/icpp/html/ODBC.html]
[www.1cpp.ru/docum/icpp/html/SettingsManager.html]
[www.1cpp.ru/docum/icpp/html/klink]
[www.1cpp.ru/docum/icpp/html/TableField.html]
[www.1cpp.ru/docum/icpp/html/TurboBL.html]
[www.1cpp.ru/docum/icpp/html/chmcreate.html]
[www.1cpp.ru/docum/icpp/html/extobjs.chm__/extobjs31.html]
[www.1cpp.ru/docum/icpp/html/extobjs.chm__/extobjs16.html]
[www.1cpp.ru/docum/icpp/html/classes.html]
[www.1cpp.ru/docum/icpp/html/indexedtable.chm__/indexedtable0.html]
[www.1cpp.ru/docum/icpp/html/TableField.chm__/TableField0.html]
[www.1cpp.ru/docum/icpp/html/BinaryData.chm__/BinaryData0.html]
[www.1cpp.ru/docum/icpp/html/Math.chm__/Math0.html]
[www.1cpp.ru/docum/icpp/html/Hooker.chm__/Hooker0.html]
[www.1cpp.ru/docum/icpp/html/Informer.chm__/Informer0.html]
[www.1cpp.ru/docum/icpp/html/extobjs.html]
[www.1cpp.ru/docum/icpp/html/guid.html]
[www.1cpp.ru/docum/icpp/html/oledb.html]
[www.1cpp.ru/docum/icpp/html/indexb70a.html]
[www.1cpp.ru/docum/icpp/html/index72c9.html]
[www.1cpp.ru/docum/icpp/html/index5851.html]
[www.1cpp.ru/docum/icpp/html/indexad3f.html]
[www.1cpp.ru/docum/icpp/html/alink.html]
[www.1cpp.ru/docum/icpp/html/ODBC.chm__/ODBC0.html]
[www.1cpp.ru/docum/icpp/html/oledb.chm__/oledb0.html]
[www.1cpp.ru/docum/icpp/html/classes.chm__/classes0.html]
[www.1cpp.ru/docum/icpp/html/SettingsManager.chm__/SettingsManager0.html]
[www.1cpp.ru/docum/icpp/html/klink.html]
[www.1cpp.ru/docum/icpp/html/extobjs.chm__/extobjs31.html]
[www.1cpp.ru/docum/icpp/html/extobjs.chm__/extobjs16.html]
[www.1cpp.ru/docum/icpp/html/indexedtable.chm__/indexedtable0.html]
[www.1cpp.ru/docum/icpp/html/TableField.chm__/TableField0.html]
[www.1cpp.ru/docum/icpp/html/BinaryData.chm__/BinaryData0.html]
[www.1cpp.ru/docum/icpp/html/Math.chm__/Math0.html]
[www.1cpp.ru/docum/icpp/html/Hooker.chm__/Hooker0.html]
[www.1cpp.ru/docum/icpp/html/Informer.chm__/Informer0.html]
